Started GET "/" for ::1 at 2023-01-05 17:45:09 +0900
Processing by Rails::WelcomeController#index as HTML
  Rendering C:/Ruby30-x64/lib/ruby/gems/3.0.0/gems/railties-7.0.4/lib/rails/templates/rails/welcome/index.html.erb
  Rendered C:/Ruby30-x64/lib/ruby/gems/3.0.0/gems/railties-7.0.4/lib/rails/templates/rails/welcome/index.html.erb (Duration: 3.5ms | Allocations: 873)
Completed 200 OK in 58ms (Views: 18.1ms | ActiveRecord: 0.0ms | Allocations: 7153)


Started GET "/" for ::1 at 2023-01-05 17:46:14 +0900
Processing by Rails::WelcomeController#index as HTML
  Rendering C:/Ruby30-x64/lib/ruby/gems/3.0.0/gems/railties-7.0.4/lib/rails/templates/rails/welcome/index.html.erb
  Rendered C:/Ruby30-x64/lib/ruby/gems/3.0.0/gems/railties-7.0.4/lib/rails/templates/rails/welcome/index.html.erb (Duration: 1.1ms | Allocations: 487)
Completed 200 OK in 16ms (Views: 12.9ms | ActiveRecord: 0.0ms | Allocations: 1479)


Started GET "/" for ::1 at 2023-01-05 17:46:15 +0900
Processing by Rails::WelcomeController#index as HTML
  Rendering C:/Ruby30-x64/lib/ruby/gems/3.0.0/gems/railties-7.0.4/lib/rails/templates/rails/welcome/index.html.erb
  Rendered C:/Ruby30-x64/lib/ruby/gems/3.0.0/gems/railties-7.0.4/lib/rails/templates/rails/welcome/index.html.erb (Duration: 0.1ms | Allocations: 16)
Completed 200 OK in 2ms (Views: 0.9ms | ActiveRecord: 0.0ms | Allocations: 308)


Started GET "/" for ::1 at 2023-01-05 21:37:58 +0900
Processing by ApplicationController#top as HTML
Completed 406 Not Acceptable in 34ms (ActiveRecord: 0.0ms | Allocations: 4049)


  
ActionController::MissingExactTemplate (ApplicationController#top is missing a template for request formats: text/html):
  
actionpack (7.0.4) lib/action_controller/metal/implicit_render.rb:45:in `default_render'
actionpack (7.0.4) lib/action_controller/metal/basic_implicit_render.rb:6:in `block in send_action'
<internal:kernel>:90:in `tap'
actionpack (7.0.4) lib/action_controller/metal/basic_implicit_render.rb:6:in `send_action'
actionpack (7.0.4) lib/abstract_controller/base.rb:215:in `process_action'
actionpack (7.0.4) lib/action_controller/metal/rendering.rb:53:in `process_action'
actionpack (7.0.4) lib/abstract_controller/callbacks.rb:234:in `block in process_action'
activesupport (7.0.4) lib/active_support/callbacks.rb:118:in `block in run_callbacks'
actiontext (7.0.4) lib/action_text/rendering.rb:20:in `with_renderer'
actiontext (7.0.4) lib/action_text/engine.rb:69:in `block (4 levels) in <class:Engine>'
activesupport (7.0.4) lib/active_support/callbacks.rb:127:in `instance_exec'
activesupport (7.0.4) lib/active_support/callbacks.rb:127:in `block in run_callbacks'
activesupport (7.0.4) lib/active_support/callbacks.rb:138:in `run_callbacks'
actionpack (7.0.4) lib/abstract_controller/callbacks.rb:233:in `process_action'
actionpack (7.0.4) lib/action_controller/metal/rescue.rb:22:in `process_action'
actionpack (7.0.4) lib/action_controller/metal/instrumentation.rb:67:in `block in process_action'
activesupport (7.0.4) lib/active_support/notifications.rb:206:in `block in instrument'
activesupport (7.0.4) lib/active_support/notifications/instrumenter.rb:24:in `instrument'
activesupport (7.0.4) lib/active_support/notifications.rb:206:in `instrument'
actionpack (7.0.4) lib/action_controller/metal/instrumentation.rb:66:in `process_action'
actionpack (7.0.4) lib/action_controller/metal/params_wrapper.rb:259:in `process_action'
activerecord (7.0.4) lib/active_record/railties/controller_runtime.rb:27:in `process_action'
actionpack (7.0.4) lib/abstract_controller/base.rb:151:in `process'
actionview (7.0.4) lib/action_view/rendering.rb:39:in `process'
actionpack (7.0.4) lib/action_controller/metal.rb:188:in `dispatch'
actionpack (7.0.4) lib/action_controller/metal.rb:251:in `dispatch'
actionpack (7.0.4) lib/action_dispatch/routing/route_set.rb:49:in `dispatch'
actionpack (7.0.4) lib/action_dispatch/routing/route_set.rb:32:in `serve'
actionpack (7.0.4) lib/action_dispatch/journey/router.rb:50:in `block in serve'
actionpack (7.0.4) lib/action_dispatch/journey/router.rb:32:in `each'
actionpack (7.0.4) lib/action_dispatch/journey/router.rb:32:in `serve'
actionpack (7.0.4) lib/action_dispatch/routing/route_set.rb:852:in `call'
rack (2.2.5) lib/rack/tempfile_reaper.rb:15:in `call'
rack (2.2.5) lib/rack/etag.rb:27:in `call'
rack (2.2.5) lib/rack/conditional_get.rb:27:in `call'
rack (2.2.5) lib/rack/head.rb:12:in `call'
actionpack (7.0.4) lib/action_dispatch/http/permissions_policy.rb:38:in `call'
actionpack (7.0.4) lib/action_dispatch/http/content_security_policy.rb:36:in `call'
rack (2.2.5) lib/rack/session/abstract/id.rb:266:in `context'
rack (2.2.5) lib/rack/session/abstract/id.rb:260:in `call'
actionpack (7.0.4) lib/action_dispatch/middleware/cookies.rb:696:in `call'
activerecord (7.0.4) lib/active_record/migration.rb:603:in `call'
actionpack (7.0.4) lib/action_dispatch/middleware/callbacks.rb:27:in `block in call'
activesupport (7.0.4) lib/active_support/callbacks.rb:99:in `run_callbacks'
actionpack (7.0.4) lib/action_dispatch/middleware/callbacks.rb:26:in `call'
actionpack (7.0.4) lib/action_dispatch/middleware/executor.rb:14:in `call'
actionpack (7.0.4) lib/action_dispatch/middleware/actionable_exceptions.rb:17:in `call'
actionpack (7.0.4) lib/action_dispatch/middleware/debug_exceptions.rb:28:in `call'
web-console (4.2.0) lib/web_console/middleware.rb:132:in `call_app'
web-console (4.2.0) lib/web_console/middleware.rb:28:in `block in call'
web-console (4.2.0) lib/web_console/middleware.rb:17:in `catch'
web-console (4.2.0) lib/web_console/middleware.rb:17:in `call'
actionpack (7.0.4) lib/action_dispatch/middleware/show_exceptions.rb:26:in `call'
railties (7.0.4) lib/rails/rack/logger.rb:40:in `call_app'
railties (7.0.4) lib/rails/rack/logger.rb:25:in `block in call'
activesupport (7.0.4) lib/active_support/tagged_logging.rb:99:in `block in tagged'
activesupport (7.0.4) lib/active_support/tagged_logging.rb:37:in `tagged'
activesupport (7.0.4) lib/active_support/tagged_logging.rb:99:in `tagged'
railties (7.0.4) lib/rails/rack/logger.rb:25:in `call'
sprockets-rails (3.4.2) lib/sprockets/rails/quiet_assets.rb:13:in `call'
actionpack (7.0.4) lib/action_dispatch/middleware/remote_ip.rb:93:in `call'
actionpack (7.0.4) lib/action_dispatch/middleware/request_id.rb:26:in `call'
rack (2.2.5) lib/rack/method_override.rb:24:in `call'
rack (2.2.5) lib/rack/runtime.rb:22:in `call'
activesupport (7.0.4) lib/active_support/cache/strategy/local_cache_middleware.rb:29:in `call'
actionpack (7.0.4) lib/action_dispatch/middleware/server_timing.rb:61:in `block in call'
actionpack (7.0.4) lib/action_dispatch/middleware/server_timing.rb:26:in `collect_events'
actionpack (7.0.4) lib/action_dispatch/middleware/server_timing.rb:60:in `call'
actionpack (7.0.4) lib/action_dispatch/middleware/executor.rb:14:in `call'
actionpack (7.0.4) lib/action_dispatch/middleware/static.rb:23:in `call'
rack (2.2.5) lib/rack/sendfile.rb:110:in `call'
actionpack (7.0.4) lib/action_dispatch/middleware/host_authorization.rb:137:in `call'
railties (7.0.4) lib/rails/engine.rb:530:in `call'
puma (5.6.5) lib/puma/configuration.rb:252:in `call'
puma (5.6.5) lib/puma/request.rb:77:in `block in handle_request'
puma (5.6.5) lib/puma/thread_pool.rb:340:in `with_force_shutdown'
puma (5.6.5) lib/puma/request.rb:76:in `handle_request'
puma (5.6.5) lib/puma/server.rb:443:in `process_client'
puma (5.6.5) lib/puma/thread_pool.rb:147:in `block in spawn_thread'
Started GET "/" for ::1 at 2023-01-05 21:39:46 +0900
Processing by ApplicationController#top as HTML
  Rendering html template
  Rendered html template (Duration: 0.0ms | Allocations: 15)
Completed 200 OK in 18ms (Views: 16.7ms | Allocations: 1072)


Started GET "/" for ::1 at 2023-01-07 13:55:04 +0900
Processing by ApplicationController#top as HTML
  Rendering html template
  Rendered html template (Duration: 0.0ms | Allocations: 20)
Completed 200 OK in 24ms (Views: 10.2ms | ActiveRecord: 0.0ms | Allocations: 5138)


Started GET "/" for ::1 at 2023-01-07 13:55:14 +0900
Processing by ApplicationController#top as HTML
  Rendering html template
  Rendered html template (Duration: 0.0ms | Allocations: 7)
Completed 200 OK in 3ms (Views: 1.2ms | ActiveRecord: 0.0ms | Allocations: 286)


Started GET "/static_pages/help" for ::1 at 2023-01-07 13:59:11 +0900
Processing by StaticPagesController#help as HTML
  Rendering layout layouts/application.html.erb
  Rendering static_pages/help.html.erb within layouts/application
  Rendered static_pages/help.html.erb within layouts/application (Duration: 6.8ms | Allocations: 489)
  Rendered layout layouts/application.html.erb (Duration: 422.3ms | Allocations: 111914)
Completed 200 OK in 451ms (Views: 432.7ms | ActiveRecord: 0.0ms | Allocations: 114240)


Started GET "/static_pages/home" for ::1 at 2023-01-07 13:59:23 +0900
Processing by StaticPagesController#home as HTML
  Rendering layout layouts/application.html.erb
  Rendering static_pages/home.html.erb within layouts/application
  Rendered static_pages/home.html.erb within layouts/application (Duration: 1.5ms | Allocations: 120)
  Rendered layout layouts/application.html.erb (Duration: 11.5ms | Allocations: 2760)
Completed 200 OK in 17ms (Views: 13.5ms | ActiveRecord: 0.0ms | Allocations: 3204)


  [1m[35m (9.1ms)[0m  [1m[35mCREATE TABLE "schema_migrations" ("version" varchar NOT NULL PRIMARY KEY)[0m
  [1m[35m (4.9ms)[0m  [1m[35mCREATE TABLE "ar_internal_metadata" ("key" varchar NOT NULL PRIMARY KEY, "value" varchar, "created_at" datetime(6) NOT NULL, "updated_at" datetime(6) NOT NULL)[0m
  [1m[36mActiveRecord::InternalMetadata Load (0.2ms)[0m  [1m[34mSELECT "ar_internal_metadata".* FROM "ar_internal_metadata" WHERE "ar_internal_metadata"."key" = ? LIMIT ?[0m  [["key", "environment"], ["LIMIT", 1]]
  [1m[36mTRANSACTION (0.0ms)[0m  [1m[36mbegin transaction[0m
  [1m[36mActiveRecord::InternalMetadata Create (1.1ms)[0m  [1m[32mINSERT INTO "ar_internal_metadata" ("key", "value", "created_at", "updated_at") VALUES (?, ?, ?, ?)[0m  [["key", "environment"], ["value", "development"], ["created_at", "2023-01-07 05:11:11.660645"], ["updated_at", "2023-01-07 05:11:11.660645"]]
  [1m[36mTRANSACTION (3.8ms)[0m  [1m[36mcommit transaction[0m
  [1m[36mActiveRecord::SchemaMigration Pluck (0.1ms)[0m  [1m[34mSELECT "schema_migrations"."version" FROM "schema_migrations" ORDER BY "schema_migrations"."version" ASC[0m
Started GET "/static_pages/about" for ::1 at 2023-01-07 14:27:05 +0900
  [1m[36mActiveRecord::SchemaMigration Pluck (0.3ms)[0m  [1m[34mSELECT "schema_migrations"."version" FROM "schema_migrations" ORDER BY "schema_migrations"."version" ASC[0m
Processing by StaticPagesController#about as HTML
  Rendering layout layouts/application.html.erb
  Rendering static_pages/about.html.erb within layouts/application
  Rendered static_pages/about.html.erb within layouts/application (Duration: 3.7ms | Allocations: 495)
  Rendered layout layouts/application.html.erb (Duration: 228.8ms | Allocations: 37845)
Completed 200 OK in 280ms (Views: 246.8ms | ActiveRecord: 0.0ms | Allocations: 44312)


Started GET "/static_pages/about" for ::1 at 2023-01-07 15:47:56 +0900
  [1m[36mActiveRecord::SchemaMigration Pluck (0.1ms)[0m  [1m[34mSELECT "schema_migrations"."version" FROM "schema_migrations" ORDER BY "schema_migrations"."version" ASC[0m
Processing by StaticPagesController#about as HTML
  Rendering layout layouts/application.html.erb
  Rendering static_pages/about.html.erb within layouts/application
  Rendered static_pages/about.html.erb within layouts/application (Duration: 4.1ms | Allocations: 535)
  Rendered layout layouts/application.html.erb (Duration: 123.5ms | Allocations: 37780)
Completed 200 OK in 165ms (Views: 137.6ms | ActiveRecord: 0.0ms | Allocations: 44247)


Started GET "/static_pages/help" for ::1 at 2023-01-07 15:48:11 +0900
Processing by StaticPagesController#help as HTML
  Rendering layout layouts/application.html.erb
  Rendering static_pages/help.html.erb within layouts/application
  Rendered static_pages/help.html.erb within layouts/application (Duration: 0.9ms | Allocations: 158)
  Rendered layout layouts/application.html.erb (Duration: 5.9ms | Allocations: 2969)
Completed 200 OK in 9ms (Views: 7.0ms | ActiveRecord: 0.0ms | Allocations: 3436)


Started GET "/static_pages/about" for ::1 at 2023-01-07 15:48:17 +0900
Processing by StaticPagesController#about as HTML
  Rendering layout layouts/application.html.erb
  Rendering static_pages/about.html.erb within layouts/application
  Rendered static_pages/about.html.erb within layouts/application (Duration: 0.1ms | Allocations: 10)
  Rendered layout layouts/application.html.erb (Duration: 8.8ms | Allocations: 2616)
Completed 200 OK in 13ms (Views: 10.5ms | ActiveRecord: 0.0ms | Allocations: 2945)


Started GET "/static_pages/about" for ::1 at 2023-01-07 16:23:16 +0900
  [1m[36mActiveRecord::SchemaMigration Pluck (0.1ms)[0m  [1m[34mSELECT "schema_migrations"."version" FROM "schema_migrations" ORDER BY "schema_migrations"."version" ASC[0m
Processing by StaticPagesController#about as HTML
  Rendering layout layouts/application.html.erb
  Rendering static_pages/about.html.erb within layouts/application
  Rendered static_pages/about.html.erb within layouts/application (Duration: 4.9ms | Allocations: 535)
  Rendered layout layouts/application.html.erb (Duration: 125.9ms | Allocations: 37893)
Completed 200 OK in 168ms (Views: 141.8ms | ActiveRecord: 0.0ms | Allocations: 44360)


Started GET "/static_pages/about" for ::1 at 2023-01-07 16:23:42 +0900
Processing by StaticPagesController#about as HTML
  Rendering layout layouts/application.html.erb
  Rendering static_pages/about.html.erb within layouts/application
  Rendered static_pages/about.html.erb within layouts/application (Duration: 0.9ms | Allocations: 156)
  Rendered layout layouts/application.html.erb (Duration: 8.1ms | Allocations: 3228)
Completed 200 OK in 16ms (Views: 13.7ms | ActiveRecord: 0.0ms | Allocations: 4394)


Started GET "/static_pages/help" for ::1 at 2023-01-07 16:29:42 +0900
Processing by StaticPagesController#help as HTML
  Rendering layout layouts/application.html.erb
  Rendering static_pages/help.html.erb within layouts/application
  Rendered static_pages/help.html.erb within layouts/application (Duration: 1.4ms | Allocations: 132)
  Rendered layout layouts/application.html.erb (Duration: 8.1ms | Allocations: 2754)
Completed 200 OK in 12ms (Views: 9.5ms | Allocations: 3154)


Started GET "/static_pages/home" for ::1 at 2023-01-07 16:29:51 +0900
Processing by StaticPagesController#home as HTML
  Rendering layout layouts/application.html.erb
  Rendering static_pages/home.html.erb within layouts/application
  Rendered static_pages/home.html.erb within layouts/application (Duration: 1.0ms | Allocations: 132)
  Rendered layout layouts/application.html.erb (Duration: 6.4ms | Allocations: 2767)
Completed 200 OK in 11ms (Views: 7.7ms | Allocations: 3143)


Started GET "/" for ::1 at 2023-01-07 16:33:17 +0900
  
ActionController::RoutingError (uninitialized constant StaticPageController
Did you mean?  StaticPagesController):
  
Started GET "/" for ::1 at 2023-01-07 16:33:34 +0900
Processing by StaticPagesController#home as HTML
  Rendering layout layouts/application.html.erb
  Rendering static_pages/home.html.erb within layouts/application
  Rendered static_pages/home.html.erb within layouts/application (Duration: 0.1ms | Allocations: 19)
  Rendered layout layouts/application.html.erb (Duration: 4.3ms | Allocations: 2885)
Completed 200 OK in 8ms (Views: 6.8ms | Allocations: 3753)


Started GET "/" for ::1 at 2023-01-09 07:48:18 +0900
  [1m[36mActiveRecord::SchemaMigration Pluck (0.2ms)[0m  [1m[34mSELECT "schema_migrations"."version" FROM "schema_migrations" ORDER BY "schema_migrations"."version" ASC[0m
Processing by StaticPagesController#home as HTML
  Rendering layout layouts/application.html.erb
  Rendering static_pages/home.html.erb within layouts/application
  Rendered static_pages/home.html.erb within layouts/application (Duration: 5.1ms | Allocations: 542)
  Rendered layout layouts/application.html.erb (Duration: 165.2ms | Allocations: 37772)
Completed 200 OK in 230ms (Views: 186.7ms | ActiveRecord: 0.0ms | Allocations: 44239)


Started GET "/" for ::1 at 2023-01-09 07:55:38 +0900
  [1m[36mActiveRecord::SchemaMigration Pluck (0.1ms)[0m  [1m[34mSELECT "schema_migrations"."version" FROM "schema_migrations" ORDER BY "schema_migrations"."version" ASC[0m
Processing by StaticPagesController#home as HTML
  Rendering layout layouts/application.html.erb
  Rendering static_pages/home.html.erb within layouts/application
  Rendered static_pages/home.html.erb within layouts/application (Duration: 3.3ms | Allocations: 542)
  Rendered layout layouts/application.html.erb (Duration: 110.8ms | Allocations: 37882)
Completed 200 OK in 147ms (Views: 125.1ms | ActiveRecord: 0.0ms | Allocations: 44355)


Started GET "/" for ::1 at 2023-01-09 07:55:42 +0900
Processing by StaticPagesController#home as HTML
  Rendering layout layouts/application.html.erb
  Rendering static_pages/home.html.erb within layouts/application
  Rendered static_pages/home.html.erb within layouts/application (Duration: 0.1ms | Allocations: 14)
  Rendered layout layouts/application.html.erb (Duration: 13.3ms | Allocations: 2825)
Completed 200 OK in 17ms (Views: 14.9ms | ActiveRecord: 0.0ms | Allocations: 3215)


Started GET "/" for ::1 at 2023-01-09 08:04:01 +0900
Processing by StaticPagesController#home as HTML
  Rendering layout layouts/application.html.erb
  Rendering static_pages/home.html.erb within layouts/application
  Rendered static_pages/home.html.erb within layouts/application (Duration: 0.9ms | Allocations: 162)
  Rendered layout layouts/application.html.erb (Duration: 6.3ms | Allocations: 3286)
Completed 200 OK in 15ms (Views: 11.8ms | Allocations: 4476)


Started GET "/" for ::1 at 2023-01-09 08:04:03 +0900
Processing by StaticPagesController#home as HTML
  Rendering layout layouts/application.html.erb
  Rendering static_pages/home.html.erb within layouts/application
  Rendered static_pages/home.html.erb within layouts/application (Duration: 0.1ms | Allocations: 10)
  Rendered layout layouts/application.html.erb (Duration: 4.6ms | Allocations: 2633)
Completed 200 OK in 7ms (Views: 6.2ms | Allocations: 2976)


Started GET "/" for ::1 at 2023-01-09 10:13:07 +0900
  [1m[36mActiveRecord::SchemaMigration Pluck (0.1ms)[0m  [1m[34mSELECT "schema_migrations"."version" FROM "schema_migrations" ORDER BY "schema_migrations"."version" ASC[0m
Processing by StaticPagesController#home as HTML
  Rendering layout layouts/application.html.erb
  Rendering static_pages/home.html.erb within layouts/application
  Rendered static_pages/home.html.erb within layouts/application (Duration: 115.6ms | Allocations: 42066)
  Rendered layout layouts/application.html.erb (Duration: 129.1ms | Allocations: 49533)
Completed 500 Internal Server Error in 164ms (ActiveRecord: 0.0ms | Allocations: 55953)


  
ActionView::Template::Error (The asset "application.js" is not present in the asset pipeline.
):
     7:     <%= csp_meta_tag %>
     8: 
     9:     <%= stylesheet_link_tag 'application', media: 'all', 'data-turbolinks-track': 'reload' %>
    10:     <%= javascript_include_tag 'application', 'data-turbolinks-track': 'reload' %>
    11:   </head>
    12: 
    13:   <body>
  
app/views/layouts/application.html.erb:10
Started GET "/" for ::1 at 2023-01-09 10:13:53 +0900
Processing by StaticPagesController#home as HTML
  Rendering layout layouts/application.html.erb
  Rendering static_pages/home.html.erb within layouts/application
  Rendered static_pages/home.html.erb within layouts/application (Duration: 3.2ms | Allocations: 2047)
  Rendered layout layouts/application.html.erb (Duration: 12.6ms | Allocations: 8241)
Completed 500 Internal Server Error in 21ms (ActiveRecord: 0.0ms | Allocations: 9335)


  
ActionView::Template::Error (The asset "application.js" is not present in the asset pipeline.
):
     7:     <%= csp_meta_tag %>
     8: 
     9:     <%= stylesheet_link_tag 'application', media: 'all', 'data-turbolinks-track': 'reload' %>
    10:     <%= javascript_include_tag 'application', 'data-turbolinks-track': 'reload' %>
    11:   </head>
    12: 
    13:   <body>
  
app/views/layouts/application.html.erb:10
Started GET "/" for ::1 at 2023-01-09 10:14:25 +0900
Processing by StaticPagesController#home as HTML
  Rendering layout layouts/application.html.erb
  Rendering static_pages/home.html.erb within layouts/application
  Rendered static_pages/home.html.erb within layouts/application (Duration: 3.6ms | Allocations: 2047)
  Rendered layout layouts/application.html.erb (Duration: 21.5ms | Allocations: 6739)
Completed 500 Internal Server Error in 30ms (ActiveRecord: 0.0ms | Allocations: 7831)


  
ActionView::Template::Error (Missing partial static_pages/_header, application/_header with {:locale=>[:en], :formats=>[:html], :variants=>[], :handlers=>[:raw, :erb, :html, :builder, :ruby, :jbuilder]}.

Searched in:
  * "C:/Users/mimim/Progeam/railsチュートリアル/environment/sample_app/app/views"
  * "C:/Ruby30-x64/lib/ruby/gems/3.0.0/gems/actiontext-7.0.4/app/views"
  * "C:/Ruby30-x64/lib/ruby/gems/3.0.0/gems/actionmailbox-7.0.4/app/views"

Did you mean?  layouts/header
               active_storage/blobs/blob
               action_text/contents/content
               layouts/action_text/contents/content
               action_text/attachables/remote_image
               action_text/attachment_galleries/attachment_gallery):
    11:   </head>
    12: 
    13:   <body>
    14:     <% render "header" %>
    15:     <%= yield %>
    16:   </body>
    17: </html>
  
app/views/layouts/application.html.erb:14
Started GET "/" for ::1 at 2023-01-09 10:15:16 +0900
Processing by StaticPagesController#home as HTML
  Rendering layout layouts/application.html.erb
  Rendering static_pages/home.html.erb within layouts/application
  Rendered static_pages/home.html.erb within layouts/application (Duration: 4.2ms | Allocations: 1654)
  Rendered layout layouts/application.html.erb (Duration: 17.5ms | Allocations: 5792)
Completed 500 Internal Server Error in 21ms (ActiveRecord: 0.0ms | Allocations: 6103)


  
ActionView::Template::Error (Missing partial static_pages/_header, application/_header with {:locale=>[:en], :formats=>[:html], :variants=>[], :handlers=>[:raw, :erb, :html, :builder, :ruby, :jbuilder]}.

Searched in:
  * "C:/Users/mimim/Progeam/railsチュートリアル/environment/sample_app/app/views"
  * "C:/Ruby30-x64/lib/ruby/gems/3.0.0/gems/actiontext-7.0.4/app/views"
  * "C:/Ruby30-x64/lib/ruby/gems/3.0.0/gems/actionmailbox-7.0.4/app/views"

Did you mean?  layouts/header
               active_storage/blobs/blob
               action_text/contents/content
               layouts/action_text/contents/content
               action_text/attachables/remote_image
               action_text/attachment_galleries/attachment_gallery):
    11:   </head>
    12: 
    13:   <body>
    14:     <% render "header" %>
    15:     <%= yield %>
    16:   </body>
    17: </html>
  
app/views/layouts/application.html.erb:14
Started GET "/" for ::1 at 2023-01-09 10:15:27 +0900
Processing by StaticPagesController#home as HTML
  Rendering layout layouts/application.html.erb
  Rendering static_pages/home.html.erb within layouts/application
  Rendered static_pages/home.html.erb within layouts/application (Duration: 3.2ms | Allocations: 2046)
  Rendered layout layouts/application.html.erb (Duration: 8.4ms | Allocations: 4929)
Completed 200 OK in 17ms (Views: 14.1ms | ActiveRecord: 0.0ms | Allocations: 6059)


Started GET "/" for ::1 at 2023-01-09 10:17:52 +0900
Processing by StaticPagesController#home as HTML
  Rendering layout layouts/application.html.erb
  Rendering static_pages/home.html.erb within layouts/application
  Rendered static_pages/home.html.erb within layouts/application (Duration: 1.9ms | Allocations: 1185)
  Rendered layout layouts/application.html.erb (Duration: 3.3ms | Allocations: 1269)
Completed 500 Internal Server Error in 11ms (ActiveRecord: 0.0ms | Allocations: 2370)


  
ActionView::SyntaxErrorInTemplate (Encountered a syntax error while rendering template: check <% provide(:title, "Home") %>
<div class="center jumbotron">
  <h1>Welcome to the Sample App</h1>

  <h2>
    This is the home page for the
    <a href="https://railstutorial.jp/">Ruby on Rails Tutorial</a>
    sample application.
  </h2>

  <%= link_to "Sign up now!", '#', class: "btn btn-lg btn-primary" %>
</div>

<%= link_to image_tag("rails.png", alt: "Rails logo"), 'http://rubyonrails.org/' %>
<%= image_tag("rails.png) %>

):
1:    <% provide(:title, "Home") %>
2:    <div class="center jumbotron">
3:      <h1>Welcome to the Sample App</h1>
4:    
5:      <h2>
6:        This is the home page for the
7:        <a href="https://railstutorial.jp/">Ruby on Rails Tutorial</a>
8:        sample application.
9:      </h2>
10:    
11:      <%= link_to "Sign up now!", '#', class: "btn btn-lg btn-primary" %>
12:    </div>
13:    
14:    <%= link_to image_tag("rails.png", alt: "Rails logo"), 'http://rubyonrails.org/' %>
15:    <%= image_tag("rails.png) %>
  
app/views/static_pages/home.html.erb:18: unterminated string meets end of file
app/views/static_pages/home.html.erb:18: syntax error, unexpected end-of-input, expecting ')'
app/views/static_pages/home.html.erb:18: unterminated string meets end of file
app/views/static_pages/home.html.erb:18: syntax error, unexpected end-of-input, expecting ')'
app/views/static_pages/home.html.erb:18: unterminated string meets end of file
app/views/static_pages/home.html.erb:18: syntax error, unexpected end-of-input, expecting ')'
app/views/static_pages/home.html.erb:18: unterminated string meets end of file
app/views/static_pages/home.html.erb:18: syntax error, unexpected end-of-input, expecting ')'
app/views/static_pages/home.html.erb:18: unterminated string meets end of file
app/views/static_pages/home.html.erb:18: syntax error, unexpected end-of-input, expecting ')'
app/views/static_pages/home.html.erb:18: unterminated string meets end of file
app/views/static_pages/home.html.erb:18: syntax error, unexpected end-of-input, expecting ')'
Started GET "/" for ::1 at 2023-01-09 10:18:11 +0900
Processing by StaticPagesController#home as HTML
  Rendering layout layouts/application.html.erb
  Rendering static_pages/home.html.erb within layouts/application
  Rendered static_pages/home.html.erb within layouts/application (Duration: 7.6ms | Allocations: 2997)
  Rendered layout layouts/application.html.erb (Duration: 14.1ms | Allocations: 5879)
Completed 200 OK in 24ms (Views: 20.1ms | ActiveRecord: 0.0ms | Allocations: 7006)


Started GET "/" for ::1 at 2023-01-09 10:18:32 +0900
Processing by StaticPagesController#home as HTML
  Rendering layout layouts/application.html.erb
  Rendering static_pages/home.html.erb within layouts/application
  Rendered static_pages/home.html.erb within layouts/application (Duration: 9.0ms | Allocations: 5015)
  Rendered layout layouts/application.html.erb (Duration: 9.8ms | Allocations: 5097)
Completed 500 Internal Server Error in 18ms (ActiveRecord: 0.0ms | Allocations: 6183)


  
ActionView::Template::Error (The asset "kitten.pug" is not present in the asset pipeline.
):
    12: </div>
    13: 
    14: <%= link_to image_tag("rails.png", alt: "Rails logo"), 'http://rubyonrails.org/' %>
    15: <%= image_tag("kitten.pug") %>
  
app/views/static_pages/home.html.erb:15
Started GET "/" for ::1 at 2023-01-09 10:18:48 +0900
Processing by StaticPagesController#home as HTML
  Rendering layout layouts/application.html.erb
  Rendering static_pages/home.html.erb within layouts/application
  Rendered static_pages/home.html.erb within layouts/application (Duration: 58.8ms | Allocations: 39567)
  Rendered layout layouts/application.html.erb (Duration: 63.6ms | Allocations: 42465)
Completed 200 OK in 70ms (Views: 68.1ms | ActiveRecord: 0.0ms | Allocations: 43582)


Started GET "/" for ::1 at 2023-01-09 15:00:01 +0900
  [1m[36mActiveRecord::SchemaMigration Pluck (0.2ms)[0m  [1m[34mSELECT "schema_migrations"."version" FROM "schema_migrations" ORDER BY "schema_migrations"."version" ASC[0m
Processing by StaticPagesController#home as HTML
  Rendering layout layouts/application.html.erb
  Rendering static_pages/home.html.erb within layouts/application
  Rendered static_pages/home.html.erb within layouts/application (Duration: 81.2ms | Allocations: 38290)
  Rendered layout layouts/application.html.erb (Duration: 104.7ms | Allocations: 44293)
Completed 500 Internal Server Error in 148ms (ActiveRecord: 0.0ms | Allocations: 50713)


  
ActionView::Template::Error (Missing partial static_pages/_header, application/_header with {:locale=>[:en], :formats=>[:html], :variants=>[], :handlers=>[:raw, :erb, :html, :builder, :ruby, :jbuilder]}.

Searched in:
  * "C:/Users/mimim/Progeam/railsチュートリアル/environment/sample_app/app/views"
  * "C:/Ruby30-x64/lib/ruby/gems/3.0.0/gems/actiontext-7.0.4/app/views"
  * "C:/Ruby30-x64/lib/ruby/gems/3.0.0/gems/actionmailbox-7.0.4/app/views"

Did you mean?  layouts/header
               active_storage/blobs/blob
               action_text/contents/content
               layouts/action_text/contents/content
               action_text/attachables/remote_image
               action_text/attachment_galleries/attachment_gallery):
    11:   </head>
    12: 
    13:   <body>
    14:     <%= render "header" %>
    15:     <%= yield %>
    16:   </body>
    17: </html>
  
app/views/layouts/application.html.erb:14
Started GET "/" for ::1 at 2023-01-09 15:00:29 +0900
Processing by StaticPagesController#home as HTML
  Rendering layout layouts/application.html.erb
  Rendering static_pages/home.html.erb within layouts/application
  Rendered static_pages/home.html.erb within layouts/application (Duration: 8.0ms | Allocations: 3542)
  Rendered layouts/_header.html.erb (Duration: 0.6ms | Allocations: 314)
  Rendered layout layouts/application.html.erb (Duration: 15.5ms | Allocations: 6872)
Completed 200 OK in 22ms (Views: 19.9ms | ActiveRecord: 0.0ms | Allocations: 8033)


Started GET "/" for ::1 at 2023-01-09 15:05:17 +0900
  [1m[36mActiveRecord::SchemaMigration Pluck (0.1ms)[0m  [1m[34mSELECT "schema_migrations"."version" FROM "schema_migrations" ORDER BY "schema_migrations"."version" ASC[0m
Processing by StaticPagesController#home as HTML
  Rendering layout layouts/application.html.erb
  Rendering static_pages/home.html.erb within layouts/application
  Rendered static_pages/home.html.erb within layouts/application (Duration: 238.2ms | Allocations: 101232)
  Rendered layout layouts/application.html.erb (Duration: 239.7ms | Allocations: 101618)
Completed 500 Internal Server Error in 275ms (ActiveRecord: 0.0ms | Allocations: 109344)


  
ActionView::Template::Error (Permission denied @ rb_file_s_rename - (C:/Users/mimim/Progeam/railsチュートリアル/environment/sample_app/tmp/cache/assets/sprockets/v4.0.0/HE/HEGcjKDuiQUvYlfNLuAuQptEMLqLrPu5ktFVdbnjSZs.cache.22860.17136.348376, C:/Users/mimim/Progeam/railsチュートリアル/environment/sample_app/tmp/cache/assets/sprockets/v4.0.0/HE/HEGcjKDuiQUvYlfNLuAuQptEMLqLrPu5ktFVdbnjSZs.cache)):
  
sprockets (4.2.0) lib/sprockets/path_utils.rb:362:in `rename'
sprockets (4.2.0) lib/sprockets/path_utils.rb:362:in `atomic_write'
sprockets (4.2.0) lib/sprockets/cache/file_store.rb:112:in `set'
sprockets (4.2.0) lib/sprockets/cache.rb:227:in `set'
sprockets (4.2.0) lib/sprockets/cache.rb:143:in `set'
sprockets (4.2.0) lib/sprockets/loader.rb:266:in `store_asset'
sprockets (4.2.0) lib/sprockets/loader.rb:226:in `load_from_unloaded'
sprockets (4.2.0) lib/sprockets/loader.rb:59:in `block in load'
sprockets (4.2.0) lib/sprockets/loader.rb:337:in `fetch_asset_from_dependency_cache'
sprockets (4.2.0) lib/sprockets/loader.rb:43:in `load'
sprockets (4.2.0) lib/sprockets/cached_environment.rb:44:in `block in load'
concurrent-ruby (1.1.10) lib/concurrent-ruby/concurrent/map.rb:203:in `block in fetch_or_store'
concurrent-ruby (1.1.10) lib/concurrent-ruby/concurrent/map.rb:182:in `fetch'
concurrent-ruby (1.1.10) lib/concurrent-ruby/concurrent/map.rb:202:in `fetch_or_store'
sprockets (4.2.0) lib/sprockets/cached_environment.rb:44:in `load'
sprockets (4.2.0) lib/sprockets/context.rb:117:in `load'
sprockets (4.2.0) lib/sprockets/context.rb:145:in `depend_on_asset'
sprockets (4.2.0) lib/sprockets/context.rb:185:in `link_asset'
sprockets-rails (3.4.2) lib/sprockets/rails/context.rb:27:in `compute_asset_path'
actionview (7.0.4) lib/action_view/helpers/asset_url_helper.rb:203:in `asset_path'
sprockets-rails (3.4.2) lib/sprockets/rails/sourcemapping_url_processor.rb:41:in `sourcemap_asset_path'
sprockets-rails (3.4.2) lib/sprockets/rails/sourcemapping_url_processor.rb:34:in `resolved_sourcemap_comment'
sprockets-rails (3.4.2) lib/sprockets/rails/sourcemapping_url_processor.rb:15:in `block in call'
sprockets-rails (3.4.2) lib/sprockets/rails/sourcemapping_url_processor.rb:11:in `gsub'
sprockets-rails (3.4.2) lib/sprockets/rails/sourcemapping_url_processor.rb:11:in `call'
sprockets (4.2.0) lib/sprockets/processor_utils.rb:84:in `call_processor'
sprockets (4.2.0) lib/sprockets/processor_utils.rb:66:in `block in call_processors'
sprockets (4.2.0) lib/sprockets/processor_utils.rb:65:in `reverse_each'
sprockets (4.2.0) lib/sprockets/processor_utils.rb:65:in `call_processors'
sprockets (4.2.0) lib/sprockets/loader.rb:182:in `load_from_unloaded'
sprockets (4.2.0) lib/sprockets/loader.rb:59:in `block in load'
sprockets (4.2.0) lib/sprockets/loader.rb:337:in `fetch_asset_from_dependency_cache'
sprockets (4.2.0) lib/sprockets/loader.rb:43:in `load'
sprockets (4.2.0) lib/sprockets/cached_environment.rb:44:in `block in load'
concurrent-ruby (1.1.10) lib/concurrent-ruby/concurrent/map.rb:203:in `block in fetch_or_store'
concurrent-ruby (1.1.10) lib/concurrent-ruby/concurrent/map.rb:182:in `fetch'
concurrent-ruby (1.1.10) lib/concurrent-ruby/concurrent/map.rb:202:in `fetch_or_store'
sprockets (4.2.0) lib/sprockets/cached_environment.rb:44:in `load'
sprockets (4.2.0) lib/sprockets/bundle.rb:27:in `call'
sprockets (4.2.0) lib/sprockets/processor_utils.rb:84:in `call_processor'
sprockets (4.2.0) lib/sprockets/processor_utils.rb:66:in `block in call_processors'
sprockets (4.2.0) lib/sprockets/processor_utils.rb:65:in `reverse_each'
sprockets (4.2.0) lib/sprockets/processor_utils.rb:65:in `call_processors'
sprockets (4.2.0) lib/sprockets/loader.rb:182:in `load_from_unloaded'
sprockets (4.2.0) lib/sprockets/loader.rb:59:in `block in load'
sprockets (4.2.0) lib/sprockets/loader.rb:337:in `fetch_asset_from_dependency_cache'
sprockets (4.2.0) lib/sprockets/loader.rb:43:in `load'
sprockets (4.2.0) lib/sprockets/cached_environment.rb:44:in `block in load'
concurrent-ruby (1.1.10) lib/concurrent-ruby/concurrent/map.rb:203:in `block in fetch_or_store'
concurrent-ruby (1.1.10) lib/concurrent-ruby/concurrent/map.rb:182:in `fetch'
concurrent-ruby (1.1.10) lib/concurrent-ruby/concurrent/map.rb:202:in `fetch_or_store'
sprockets (4.2.0) lib/sprockets/cached_environment.rb:44:in `load'
sprockets (4.2.0) lib/sprockets/base.rb:81:in `find_asset'
sprockets (4.2.0) lib/sprockets/base.rb:88:in `find_all_linked_assets'
sprockets (4.2.0) lib/sprockets/manifest.rb:125:in `each'
sprockets (4.2.0) lib/sprockets/manifest.rb:125:in `to_a'
sprockets (4.2.0) lib/sprockets/manifest.rb:125:in `block (2 levels) in find'
concurrent-ruby (1.1.10) lib/concurrent-ruby/concurrent/executor/safe_task_executor.rb:24:in `block in execute'
concurrent-ruby (1.1.10) lib/concurrent-ruby/concurrent/synchronization/mutex_lockable_object.rb:47:in `block in synchronize'
concurrent-ruby (1.1.10) lib/concurrent-ruby/concurrent/synchronization/mutex_lockable_object.rb:47:in `synchronize'
concurrent-ruby (1.1.10) lib/concurrent-ruby/concurrent/synchronization/mutex_lockable_object.rb:47:in `synchronize'
concurrent-ruby (1.1.10) lib/concurrent-ruby/concurrent/executor/safe_task_executor.rb:22:in `execute'
concurrent-ruby (1.1.10) lib/concurrent-ruby/concurrent/promise.rb:564:in `block in realize'
concurrent-ruby (1.1.10) lib/concurrent-ruby/concurrent/executor/ruby_thread_pool_executor.rb:352:in `run_task'
concurrent-ruby (1.1.10) lib/concurrent-ruby/concurrent/executor/ruby_thread_pool_executor.rb:343:in `block (3 levels) in create_worker'
concurrent-ruby (1.1.10) lib/concurrent-ruby/concurrent/executor/ruby_thread_pool_executor.rb:334:in `loop'
concurrent-ruby (1.1.10) lib/concurrent-ruby/concurrent/executor/ruby_thread_pool_executor.rb:334:in `block (2 levels) in create_worker'
concurrent-ruby (1.1.10) lib/concurrent-ruby/concurrent/executor/ruby_thread_pool_executor.rb:333:in `catch'
concurrent-ruby (1.1.10) lib/concurrent-ruby/concurrent/executor/ruby_thread_pool_executor.rb:333:in `block in create_worker'
Started GET "/" for ::1 at 2023-01-09 15:07:14 +0900
  [1m[36mActiveRecord::SchemaMigration Pluck (0.6ms)[0m  [1m[34mSELECT "schema_migrations"."version" FROM "schema_migrations" ORDER BY "schema_migrations"."version" ASC[0m
Processing by StaticPagesController#home as HTML
  Rendering layout layouts/application.html.erb
  Rendering static_pages/home.html.erb within layouts/application
  Rendered static_pages/home.html.erb within layouts/application (Duration: 233.3ms | Allocations: 59324)
  Rendered layout layouts/application.html.erb (Duration: 234.2ms | Allocations: 59429)
Completed 500 Internal Server Error in 268ms (ActiveRecord: 0.0ms | Allocations: 65826)


  
LoadError (cannot load such file -- sassc):
  
zeitwerk (2.6.6) lib/zeitwerk/kernel.rb:38:in `require'
zeitwerk (2.6.6) lib/zeitwerk/kernel.rb:38:in `require'
sprockets (4.2.0) lib/sprockets/autoload/sassc.rb:2:in `<top (required)>'
zeitwerk (2.6.6) lib/zeitwerk/kernel.rb:38:in `require'
zeitwerk (2.6.6) lib/zeitwerk/kernel.rb:38:in `require'
sprockets (4.2.0) lib/sprockets/sassc_processor.rb:42:in `initialize'
sprockets (4.2.0) lib/sprockets/sassc_processor.rb:27:in `new'
sprockets (4.2.0) lib/sprockets/sassc_processor.rb:27:in `instance'
sprockets (4.2.0) lib/sprockets/sassc_processor.rb:31:in `call'
sprockets (4.2.0) lib/sprockets/processor_utils.rb:84:in `call_processor'
sprockets (4.2.0) lib/sprockets/processor_utils.rb:66:in `block in call_processors'
sprockets (4.2.0) lib/sprockets/processor_utils.rb:65:in `reverse_each'
sprockets (4.2.0) lib/sprockets/processor_utils.rb:65:in `call_processors'
sprockets (4.2.0) lib/sprockets/processor_utils.rb:22:in `block in <class:CompositeProcessor>'
sprockets (4.2.0) lib/sprockets/processor_utils.rb:33:in `call'
sprockets (4.2.0) lib/sprockets/processor_utils.rb:84:in `call_processor'
sprockets (4.2.0) lib/sprockets/processor_utils.rb:66:in `block in call_processors'
sprockets (4.2.0) lib/sprockets/processor_utils.rb:65:in `reverse_each'
sprockets (4.2.0) lib/sprockets/processor_utils.rb:65:in `call_processors'
sprockets (4.2.0) lib/sprockets/loader.rb:182:in `load_from_unloaded'
sprockets (4.2.0) lib/sprockets/loader.rb:59:in `block in load'
sprockets (4.2.0) lib/sprockets/loader.rb:337:in `fetch_asset_from_dependency_cache'
sprockets (4.2.0) lib/sprockets/loader.rb:43:in `load'
sprockets (4.2.0) lib/sprockets/cached_environment.rb:44:in `block in load'
concurrent-ruby (1.1.10) lib/concurrent-ruby/concurrent/map.rb:203:in `block in fetch_or_store'
concurrent-ruby (1.1.10) lib/concurrent-ruby/concurrent/map.rb:182:in `fetch'
concurrent-ruby (1.1.10) lib/concurrent-ruby/concurrent/map.rb:202:in `fetch_or_store'
sprockets (4.2.0) lib/sprockets/cached_environment.rb:44:in `load'
sprockets (4.2.0) lib/sprockets/bundle.rb:41:in `block in call'
sprockets (4.2.0) lib/sprockets/utils.rb:175:in `dfs'
sprockets (4.2.0) lib/sprockets/bundle.rb:42:in `call'
sprockets (4.2.0) lib/sprockets/processor_utils.rb:84:in `call_processor'
sprockets (4.2.0) lib/sprockets/processor_utils.rb:66:in `block in call_processors'
sprockets (4.2.0) lib/sprockets/processor_utils.rb:65:in `reverse_each'
sprockets (4.2.0) lib/sprockets/processor_utils.rb:65:in `call_processors'
sprockets (4.2.0) lib/sprockets/loader.rb:182:in `load_from_unloaded'
sprockets (4.2.0) lib/sprockets/loader.rb:59:in `block in load'
sprockets (4.2.0) lib/sprockets/loader.rb:337:in `fetch_asset_from_dependency_cache'
sprockets (4.2.0) lib/sprockets/loader.rb:43:in `load'
sprockets (4.2.0) lib/sprockets/cached_environment.rb:44:in `block in load'
concurrent-ruby (1.1.10) lib/concurrent-ruby/concurrent/map.rb:203:in `block in fetch_or_store'
concurrent-ruby (1.1.10) lib/concurrent-ruby/concurrent/map.rb:182:in `fetch'
concurrent-ruby (1.1.10) lib/concurrent-ruby/concurrent/map.rb:202:in `fetch_or_store'
sprockets (4.2.0) lib/sprockets/cached_environment.rb:44:in `load'
sprockets (4.2.0) lib/sprockets/bundle.rb:32:in `block in call'
C:/Ruby30-x64/lib/ruby/3.0.0/set.rb:344:in `each_key'
C:/Ruby30-x64/lib/ruby/3.0.0/set.rb:344:in `each'
sprockets (4.2.0) lib/sprockets/bundle.rb:31:in `call'
sprockets (4.2.0) lib/sprockets/processor_utils.rb:84:in `call_processor'
sprockets (4.2.0) lib/sprockets/processor_utils.rb:66:in `block in call_processors'
sprockets (4.2.0) lib/sprockets/processor_utils.rb:65:in `reverse_each'
sprockets (4.2.0) lib/sprockets/processor_utils.rb:65:in `call_processors'
sprockets (4.2.0) lib/sprockets/loader.rb:182:in `load_from_unloaded'
sprockets (4.2.0) lib/sprockets/loader.rb:59:in `block in load'
sprockets (4.2.0) lib/sprockets/loader.rb:337:in `fetch_asset_from_dependency_cache'
sprockets (4.2.0) lib/sprockets/loader.rb:43:in `load'
sprockets (4.2.0) lib/sprockets/cached_environment.rb:44:in `block in load'
concurrent-ruby (1.1.10) lib/concurrent-ruby/concurrent/map.rb:203:in `block in fetch_or_store'
concurrent-ruby (1.1.10) lib/concurrent-ruby/concurrent/map.rb:182:in `fetch'
concurrent-ruby (1.1.10) lib/concurrent-ruby/concurrent/map.rb:202:in `fetch_or_store'
sprockets (4.2.0) lib/sprockets/cached_environment.rb:44:in `load'
sprockets (4.2.0) lib/sprockets/base.rb:81:in `find_asset'
sprockets (4.2.0) lib/sprockets/base.rb:88:in `find_all_linked_assets'
sprockets (4.2.0) lib/sprockets/manifest.rb:125:in `each'
sprockets (4.2.0) lib/sprockets/manifest.rb:125:in `to_a'
sprockets (4.2.0) lib/sprockets/manifest.rb:125:in `block (2 levels) in find'
concurrent-ruby (1.1.10) lib/concurrent-ruby/concurrent/executor/safe_task_executor.rb:24:in `block in execute'
concurrent-ruby (1.1.10) lib/concurrent-ruby/concurrent/synchronization/mutex_lockable_object.rb:47:in `block in synchronize'
concurrent-ruby (1.1.10) lib/concurrent-ruby/concurrent/synchronization/mutex_lockable_object.rb:47:in `synchronize'
concurrent-ruby (1.1.10) lib/concurrent-ruby/concurrent/synchronization/mutex_lockable_object.rb:47:in `synchronize'
concurrent-ruby (1.1.10) lib/concurrent-ruby/concurrent/executor/safe_task_executor.rb:22:in `execute'
concurrent-ruby (1.1.10) lib/concurrent-ruby/concurrent/promise.rb:564:in `block in realize'
concurrent-ruby (1.1.10) lib/concurrent-ruby/concurrent/executor/ruby_thread_pool_executor.rb:352:in `run_task'
concurrent-ruby (1.1.10) lib/concurrent-ruby/concurrent/executor/ruby_thread_pool_executor.rb:343:in `block (3 levels) in create_worker'
concurrent-ruby (1.1.10) lib/concurrent-ruby/concurrent/executor/ruby_thread_pool_executor.rb:334:in `loop'
concurrent-ruby (1.1.10) lib/concurrent-ruby/concurrent/executor/ruby_thread_pool_executor.rb:334:in `block (2 levels) in create_worker'
concurrent-ruby (1.1.10) lib/concurrent-ruby/concurrent/executor/ruby_thread_pool_executor.rb:333:in `catch'
concurrent-ruby (1.1.10) lib/concurrent-ruby/concurrent/executor/ruby_thread_pool_executor.rb:333:in `block in create_worker'
Started GET "/" for ::1 at 2023-01-09 15:11:01 +0900
  [1m[36mActiveRecord::SchemaMigration Pluck (0.1ms)[0m  [1m[34mSELECT "schema_migrations"."version" FROM "schema_migrations" ORDER BY "schema_migrations"."version" ASC[0m
Processing by StaticPagesController#home as HTML
  Rendering layout layouts/application.html.erb
  Rendering static_pages/home.html.erb within layouts/application
  Rendered static_pages/home.html.erb within layouts/application (Duration: 467.2ms | Allocations: 120744)
  Rendered layouts/_header.html.erb (Duration: 0.7ms | Allocations: 321)
  Rendered layout layouts/application.html.erb (Duration: 489.2ms | Allocations: 131130)
Completed 200 OK in 524ms (Views: 502.4ms | ActiveRecord: 0.0ms | Allocations: 137591)


Started GET "/" for ::1 at 2023-01-09 15:12:14 +0900
Processing by StaticPagesController#home as HTML
  Rendering layout layouts/application.html.erb
  Rendering static_pages/home.html.erb within layouts/application
  Rendered static_pages/home.html.erb within layouts/application (Duration: 5.1ms | Allocations: 3182)
  Rendered layouts/_header.html.erb (Duration: 0.1ms | Allocations: 94)
  Rendered layout layouts/application.html.erb (Duration: 218.9ms | Allocations: 69812)
Completed 200 OK in 222ms (Views: 220.5ms | ActiveRecord: 0.0ms | Allocations: 70201)


Started GET "/" for ::1 at 2023-01-09 15:13:12 +0900
Processing by StaticPagesController#home as HTML
  Rendering layout layouts/application.html.erb
  Rendering static_pages/home.html.erb within layouts/application
  Rendered static_pages/home.html.erb within layouts/application (Duration: 3.5ms | Allocations: 2066)
  Rendered layouts/_header.html.erb (Duration: 1.1ms | Allocations: 306)
  Rendered layout layouts/application.html.erb (Duration: 26.8ms | Allocations: 12087)
Completed 200 OK in 35ms (Views: 32.1ms | ActiveRecord: 0.0ms | Allocations: 13212)


Started GET "/" for ::1 at 2023-01-09 15:14:04 +0900
Processing by StaticPagesController#home as HTML
  Rendering layout layouts/application.html.erb
  Rendering static_pages/home.html.erb within layouts/application
  Rendered static_pages/home.html.erb within layouts/application (Duration: 2.9ms | Allocations: 1672)
  Rendered layouts/_header.html.erb (Duration: 0.1ms | Allocations: 93)
  Rendered layout layouts/application.html.erb (Duration: 213.5ms | Allocations: 69485)
Completed 200 OK in 217ms (Views: 215.1ms | ActiveRecord: 0.0ms | Allocations: 69833)


Started GET "/" for ::1 at 2023-01-09 15:15:01 +0900
Processing by StaticPagesController#home as HTML
  Rendering layout layouts/application.html.erb
  Rendering static_pages/home.html.erb within layouts/application
  Rendered static_pages/home.html.erb within layouts/application (Duration: 3.1ms | Allocations: 1676)
  Rendered layouts/_header.html.erb (Duration: 0.1ms | Allocations: 93)
  Rendered layout layouts/application.html.erb (Duration: 222.1ms | Allocations: 69700)
Completed 200 OK in 231ms (Views: 228.8ms | ActiveRecord: 0.0ms | Allocations: 70029)


Started GET "/" for ::1 at 2023-01-09 15:29:34 +0900
Processing by StaticPagesController#home as HTML
  Rendering layout layouts/application.html.erb
  Rendering static_pages/home.html.erb within layouts/application
  Rendered static_pages/home.html.erb within layouts/application (Duration: 3.6ms | Allocations: 2070)
  Rendered layouts/_header.html.erb (Duration: 0.9ms | Allocations: 307)
  Rendered layout layouts/application.html.erb (Duration: 224.2ms | Allocations: 75673)
Completed 500 Internal Server Error in 233ms (Allocations: 76763)


  
ActionView::Template::Error (undefined method `rendrt' for #<ActionView::Base:0x0000000000bd60>
Did you mean?  render):
    13:   <body>
    14:     <%= render "layouts/header" %>
    15:     <%= yield %>
    16:     <%= rendrt "layout/dooter" %>
    17:   </body>
    18: </html>
  
app/views/layouts/application.html.erb:16
Started GET "/" for ::1 at 2023-01-09 15:29:51 +0900
Processing by StaticPagesController#home as HTML
  Rendering layout layouts/application.html.erb
  Rendering static_pages/home.html.erb within layouts/application
  Rendered static_pages/home.html.erb within layouts/application (Duration: 3.2ms | Allocations: 2068)
  Rendered layouts/_header.html.erb (Duration: 1.3ms | Allocations: 306)
  Rendered layout layouts/application.html.erb (Duration: 38.7ms | Allocations: 13864)
Completed 500 Internal Server Error in 47ms (Allocations: 14945)


  
ActionView::Template::Error (Missing partial layout/_dooter with {:locale=>[:en], :formats=>[:html], :variants=>[], :handlers=>[:raw, :erb, :html, :builder, :ruby, :jbuilder]}.

Searched in:
  * "C:/Users/mimim/Progeam/railsチュートリアル/environment/sample_app/app/views"
  * "C:/Ruby30-x64/lib/ruby/gems/3.0.0/gems/actiontext-7.0.4/app/views"
  * "C:/Ruby30-x64/lib/ruby/gems/3.0.0/gems/actionmailbox-7.0.4/app/views"

Did you mean?  layouts/footer
               layouts/header
               layouts/action_text/contents/content
               action_text/contents/content
               active_storage/blobs/blob
               action_text/attachables/remote_image):
    13:   <body>
    14:     <%= render "layouts/header" %>
    15:     <%= yield %>
    16:     <%= render "layout/dooter" %>
    17:   </body>
    18: </html>
  
app/views/layouts/application.html.erb:16
Started GET "/" for ::1 at 2023-01-09 15:30:04 +0900
Processing by StaticPagesController#home as HTML
  Rendering layout layouts/application.html.erb
  Rendering static_pages/home.html.erb within layouts/application
  Rendered static_pages/home.html.erb within layouts/application (Duration: 4.2ms | Allocations: 2069)
  Rendered layouts/_header.html.erb (Duration: 1.0ms | Allocations: 306)
  Rendered layout layouts/application.html.erb (Duration: 38.7ms | Allocations: 13762)
Completed 500 Internal Server Error in 46ms (Allocations: 14844)


  
ActionView::Template::Error (Missing partial layouts/_dooter with {:locale=>[:en], :formats=>[:html], :variants=>[], :handlers=>[:raw, :erb, :html, :builder, :ruby, :jbuilder]}.

Searched in:
  * "C:/Users/mimim/Progeam/railsチュートリアル/environment/sample_app/app/views"
  * "C:/Ruby30-x64/lib/ruby/gems/3.0.0/gems/actiontext-7.0.4/app/views"
  * "C:/Ruby30-x64/lib/ruby/gems/3.0.0/gems/actionmailbox-7.0.4/app/views"

Did you mean?  layouts/footer
               layouts/header
               layouts/action_text/contents/content
               action_text/contents/content
               active_storage/blobs/blob
               action_text/attachables/remote_image):
    13:   <body>
    14:     <%= render "layouts/header" %>
    15:     <%= yield %>
    16:     <%= render "layouts/dooter" %>
    17:   </body>
    18: </html>
  
app/views/layouts/application.html.erb:16
Started GET "/" for ::1 at 2023-01-09 15:30:22 +0900
Processing by StaticPagesController#home as HTML
  Rendering layout layouts/application.html.erb
  Rendering static_pages/home.html.erb within layouts/application
  Rendered static_pages/home.html.erb within layouts/application (Duration: 3.2ms | Allocations: 2068)
  Rendered layouts/_header.html.erb (Duration: 1.5ms | Allocations: 306)
  Rendered layouts/_footer.html.erb (Duration: 0.8ms | Allocations: 220)
  Rendered layout layouts/application.html.erb (Duration: 31.4ms | Allocations: 12407)
Completed 200 OK in 40ms (Views: 36.6ms | Allocations: 13516)


Started GET "/" for ::1 at 2023-01-09 15:39:33 +0900
Processing by StaticPagesController#home as HTML
  Rendering layout layouts/application.html.erb
  Rendering static_pages/home.html.erb within layouts/application
  Rendered static_pages/home.html.erb within layouts/application (Duration: 2.6ms | Allocations: 1671)
  Rendered layouts/_header.html.erb (Duration: 0.4ms | Allocations: 93)
  Rendered layouts/_footer.html.erb (Duration: 0.2ms | Allocations: 44)
  Rendered layout layouts/application.html.erb (Duration: 211.8ms | Allocations: 70898)
Completed 200 OK in 215ms (Views: 213.5ms | Allocations: 71236)


Started GET "/" for ::1 at 2023-01-09 15:39:46 +0900
Processing by StaticPagesController#home as HTML
  Rendering layout layouts/application.html.erb
  Rendering static_pages/home.html.erb within layouts/application
  Rendered static_pages/home.html.erb within layouts/application (Duration: 3.1ms | Allocations: 1671)
  Rendered layouts/_header.html.erb (Duration: 0.1ms | Allocations: 93)
  Rendered layouts/_footer.html.erb (Duration: 0.1ms | Allocations: 44)
  Rendered layout layouts/application.html.erb (Duration: 28.5ms | Allocations: 11125)
Completed 200 OK in 31ms (Views: 29.5ms | Allocations: 11447)


Started GET "/" for ::1 at 2023-01-09 16:20:28 +0900
  [1m[36mActiveRecord::SchemaMigration Pluck (0.3ms)[0m  [1m[34mSELECT "schema_migrations"."version" FROM "schema_migrations" ORDER BY "schema_migrations"."version" ASC[0m
Processing by StaticPagesController#home as HTML
  Rendering layout layouts/application.html.erb
  Rendering static_pages/home.html.erb within layouts/application
  Rendered static_pages/home.html.erb within layouts/application (Duration: 249.5ms | Allocations: 69132)
  Rendered layouts/_header.html.erb (Duration: 9.2ms | Allocations: 5558)
  Rendered layout layouts/application.html.erb (Duration: 283.5ms | Allocations: 84722)
Completed 500 Internal Server Error in 318ms (ActiveRecord: 0.0ms | Allocations: 91129)


  
ActionView::Template::Error (undefined local variable or method `root_paht' for #<ActionView::Base:0x0000000000b860>
Did you mean?  root_path):
    1: <header class="navbar navbar-fixed-top navbar-inverse">
    2:   <div class="container">
    3:     <%= link_to "sample app", root_paht, id: "logo" %>
    4:     <nav>
    5:       <ul class="nav navbar-nav navbar-right">
    6:         <li><%= link_to "Home",   home_path %></li>
  
app/views/layouts/_header.html.erb:3
app/views/layouts/application.html.erb:14
Started GET "/" for ::1 at 2023-01-09 16:20:48 +0900
Processing by StaticPagesController#home as HTML
  Rendering layout layouts/application.html.erb
  Rendering static_pages/home.html.erb within layouts/application
  Rendered static_pages/home.html.erb within layouts/application (Duration: 3.4ms | Allocations: 2074)
  Rendered layouts/_header.html.erb (Duration: 6.0ms | Allocations: 4545)
  Rendered layout layouts/application.html.erb (Duration: 32.6ms | Allocations: 16347)
Completed 500 Internal Server Error in 45ms (ActiveRecord: 0.0ms | Allocations: 17441)


  
ActionView::Template::Error (undefined local variable or method `home_path' for #<ActionView::Base:0x0000000000bc20>):
    3:     <%= link_to "sample app", root_path, id: "logo" %>
    4:     <nav>
    5:       <ul class="nav navbar-nav navbar-right">
    6:         <li><%= link_to "Home",   home_path %></li>
    7:         <li><%= link_to "Help",   help_path %></li>
    8:         <li><%= link_to "Log in", '#' %></li>
    9:       </ul>
  
app/views/layouts/_header.html.erb:6
app/views/layouts/application.html.erb:14
Started GET "/" for ::1 at 2023-01-09 16:21:17 +0900
Processing by StaticPagesController#home as HTML
  Rendering layout layouts/application.html.erb
  Rendering static_pages/home.html.erb within layouts/application
  Rendered static_pages/home.html.erb within layouts/application (Duration: 4.6ms | Allocations: 2071)
  Rendered layouts/_header.html.erb (Duration: 1.2ms | Allocations: 357)
  Rendered layouts/_footer.html.erb (Duration: 0.9ms | Allocations: 238)
  Rendered layout layouts/application.html.erb (Duration: 29.0ms | Allocations: 12507)
Completed 200 OK in 37ms (Views: 34.2ms | ActiveRecord: 0.0ms | Allocations: 13663)


Started GET "/" for ::1 at 2023-01-09 16:21:19 +0900
Processing by StaticPagesController#home as HTML
  Rendering layout layouts/application.html.erb
  Rendering static_pages/home.html.erb within layouts/application
  Rendered static_pages/home.html.erb within layouts/application (Duration: 2.4ms | Allocations: 1674)
  Rendered layouts/_header.html.erb (Duration: 0.2ms | Allocations: 128)
  Rendered layouts/_footer.html.erb (Duration: 0.1ms | Allocations: 62)
  Rendered layout layouts/application.html.erb (Duration: 24.1ms | Allocations: 11166)
Completed 200 OK in 27ms (Views: 25.3ms | ActiveRecord: 0.0ms | Allocations: 11515)


Started GET "/help" for ::1 at 2023-01-09 16:21:20 +0900
Processing by StaticPagesController#help as HTML
  Rendering layout layouts/application.html.erb
  Rendering static_pages/help.html.erb within layouts/application
  Rendered static_pages/help.html.erb within layouts/application (Duration: 0.7ms | Allocations: 131)
  Rendered layouts/_header.html.erb (Duration: 0.3ms | Allocations: 128)
  Rendered layouts/_footer.html.erb (Duration: 0.1ms | Allocations: 62)
  Rendered layout layouts/application.html.erb (Duration: 20.9ms | Allocations: 9755)
Completed 200 OK in 24ms (Views: 21.8ms | ActiveRecord: 0.0ms | Allocations: 10134)


Started GET "/" for ::1 at 2023-01-09 16:21:23 +0900
Processing by StaticPagesController#home as HTML
  Rendering layout layouts/application.html.erb
  Rendering static_pages/home.html.erb within layouts/application
  Rendered static_pages/home.html.erb within layouts/application (Duration: 6.3ms | Allocations: 1673)
  Rendered layouts/_header.html.erb (Duration: 0.6ms | Allocations: 128)
  Rendered layouts/_footer.html.erb (Duration: 0.2ms | Allocations: 62)
  Rendered layout layouts/application.html.erb (Duration: 64.9ms | Allocations: 11174)
Completed 200 OK in 67ms (Views: 66.1ms | ActiveRecord: 0.0ms | Allocations: 11499)


Started GET "/about" for ::1 at 2023-01-09 16:21:24 +0900
Processing by StaticPagesController#about as HTML
  Rendering layout layouts/application.html.erb
  Rendering static_pages/about.html.erb within layouts/application
  Rendered static_pages/about.html.erb within layouts/application (Duration: 1.3ms | Allocations: 124)
  Rendered layouts/_header.html.erb (Duration: 0.4ms | Allocations: 128)
  Rendered layouts/_footer.html.erb (Duration: 0.2ms | Allocations: 62)
  Rendered layout layouts/application.html.erb (Duration: 42.9ms | Allocations: 9744)
Completed 200 OK in 46ms (Views: 43.9ms | ActiveRecord: 0.0ms | Allocations: 10128)


Started GET "/contact" for ::1 at 2023-01-09 16:21:31 +0900
Processing by StaticPagesController#contact as HTML
  Rendering layout layouts/application.html.erb
  Rendering static_pages/contact.html.erb within layouts/application
  Rendered static_pages/contact.html.erb within layouts/application (Duration: 1.7ms | Allocations: 137)
  Rendered layouts/_header.html.erb (Duration: 0.5ms | Allocations: 128)
  Rendered layouts/_footer.html.erb (Duration: 0.1ms | Allocations: 62)
  Rendered layout layouts/application.html.erb (Duration: 54.8ms | Allocations: 9758)
Completed 200 OK in 61ms (Views: 56.6ms | ActiveRecord: 0.0ms | Allocations: 10137)


Started GET "/about" for ::1 at 2023-01-09 16:21:33 +0900
Processing by StaticPagesController#about as HTML
  Rendering layout layouts/application.html.erb
  Rendering static_pages/about.html.erb within layouts/application
  Rendered static_pages/about.html.erb within layouts/application (Duration: 0.1ms | Allocations: 10)
  Rendered layouts/_header.html.erb (Duration: 0.4ms | Allocations: 128)
  Rendered layouts/_footer.html.erb (Duration: 0.1ms | Allocations: 62)
  Rendered layout layouts/application.html.erb (Duration: 38.2ms | Allocations: 9627)
Completed 200 OK in 41ms (Views: 39.5ms | ActiveRecord: 0.0ms | Allocations: 9952)


Started GET "/contact" for ::1 at 2023-01-09 16:21:35 +0900
Processing by StaticPagesController#contact as HTML
  Rendering layout layouts/application.html.erb
  Rendering static_pages/contact.html.erb within layouts/application
  Rendered static_pages/contact.html.erb within layouts/application (Duration: 0.1ms | Allocations: 10)
  Rendered layouts/_header.html.erb (Duration: 0.2ms | Allocations: 128)
  Rendered layouts/_footer.html.erb (Duration: 0.1ms | Allocations: 62)
  Rendered layout layouts/application.html.erb (Duration: 35.5ms | Allocations: 9643)
Completed 200 OK in 38ms (Views: 36.8ms | ActiveRecord: 0.0ms | Allocations: 9968)


Started GET "/about" for ::1 at 2023-01-09 16:21:38 +0900
Processing by StaticPagesController#about as HTML
  Rendering layout layouts/application.html.erb
  Rendering static_pages/about.html.erb within layouts/application
  Rendered static_pages/about.html.erb within layouts/application (Duration: 0.1ms | Allocations: 10)
  Rendered layouts/_header.html.erb (Duration: 0.2ms | Allocations: 128)
  Rendered layouts/_footer.html.erb (Duration: 0.1ms | Allocations: 62)
  Rendered layout layouts/application.html.erb (Duration: 27.3ms | Allocations: 9639)
Completed 200 OK in 30ms (Views: 28.5ms | ActiveRecord: 0.0ms | Allocations: 9964)


Started GET "/" for ::1 at 2023-01-09 16:21:39 +0900
Processing by StaticPagesController#home as HTML
  Rendering layout layouts/application.html.erb
  Rendering static_pages/home.html.erb within layouts/application
  Rendered static_pages/home.html.erb within layouts/application (Duration: 2.6ms | Allocations: 1673)
  Rendered layouts/_header.html.erb (Duration: 0.9ms | Allocations: 128)
  Rendered layouts/_footer.html.erb (Duration: 0.3ms | Allocations: 62)
  Rendered layout layouts/application.html.erb (Duration: 44.2ms | Allocations: 11180)
Completed 200 OK in 49ms (Views: 46.0ms | ActiveRecord: 0.0ms | Allocations: 11505)


Started GET "/help" for ::1 at 2023-01-09 16:21:41 +0900
Processing by StaticPagesController#help as HTML
  Rendering layout layouts/application.html.erb
  Rendering static_pages/help.html.erb within layouts/application
  Rendered static_pages/help.html.erb within layouts/application (Duration: 0.1ms | Allocations: 10)
  Rendered layouts/_header.html.erb (Duration: 0.2ms | Allocations: 128)
  Rendered layouts/_footer.html.erb (Duration: 0.1ms | Allocations: 62)
  Rendered layout layouts/application.html.erb (Duration: 29.2ms | Allocations: 9638)
Completed 200 OK in 32ms (Views: 30.6ms | ActiveRecord: 0.0ms | Allocations: 9963)


Started GET "/" for ::1 at 2023-01-09 16:21:42 +0900
Processing by StaticPagesController#home as HTML
  Rendering layout layouts/application.html.erb
  Rendering static_pages/home.html.erb within layouts/application
  Rendered static_pages/home.html.erb within layouts/application (Duration: 3.9ms | Allocations: 1676)
  Rendered layouts/_header.html.erb (Duration: 0.3ms | Allocations: 128)
  Rendered layouts/_footer.html.erb (Duration: 0.2ms | Allocations: 62)
  Rendered layout layouts/application.html.erb (Duration: 45.4ms | Allocations: 11186)
Completed 200 OK in 50ms (Views: 47.1ms | ActiveRecord: 0.0ms | Allocations: 11511)


Started GET "/" for ::1 at 2023-01-09 16:58:57 +0900
  [1m[36mActiveRecord::SchemaMigration Pluck (6.0ms)[0m  [1m[34mSELECT "schema_migrations"."version" FROM "schema_migrations" ORDER BY "schema_migrations"."version" ASC[0m
Processing by StaticPagesController#home as HTML
  Rendering layout layouts/application.html.erb
  Rendering static_pages/home.html.erb within layouts/application
  Rendered static_pages/home.html.erb within layouts/application (Duration: 101.6ms | Allocations: 47865)
  Rendered layouts/_header.html.erb (Duration: 1.1ms | Allocations: 340)
  Rendered layouts/_footer.html.erb (Duration: 1.1ms | Allocations: 238)
  Rendered layout layouts/application.html.erb (Duration: 125.6ms | Allocations: 58573)
Completed 200 OK in 157ms (Views: 137.9ms | ActiveRecord: 0.0ms | Allocations: 65050)


Started GET "/" for ::1 at 2023-01-09 16:58:59 +0900
Processing by StaticPagesController#home as HTML
  Rendering layout layouts/application.html.erb
  Rendering static_pages/home.html.erb within layouts/application
  Rendered static_pages/home.html.erb within layouts/application (Duration: 5.8ms | Allocations: 1826)
  Rendered layouts/_header.html.erb (Duration: 0.3ms | Allocations: 115)
  Rendered layouts/_footer.html.erb (Duration: 0.2ms | Allocations: 62)
  Rendered layout layouts/application.html.erb (Duration: 44.5ms | Allocations: 11401)
Completed 200 OK in 48ms (Views: 46.2ms | ActiveRecord: 0.0ms | Allocations: 11790)


Started GET "/" for ::1 at 2023-01-09 16:59:01 +0900
Processing by StaticPagesController#home as HTML
  Rendering layout layouts/application.html.erb
  Rendering static_pages/home.html.erb within layouts/application
  Rendered static_pages/home.html.erb within layouts/application (Duration: 3.2ms | Allocations: 1696)
  Rendered layouts/_header.html.erb (Duration: 0.2ms | Allocations: 114)
  Rendered layouts/_footer.html.erb (Duration: 0.2ms | Allocations: 62)
  Rendered layout layouts/application.html.erb (Duration: 37.2ms | Allocations: 11186)
Completed 200 OK in 40ms (Views: 38.2ms | ActiveRecord: 0.0ms | Allocations: 11515)


Started GET "/signup" for ::1 at 2023-01-09 16:59:02 +0900
Processing by UsersController#new as HTML
  Rendering layout layouts/application.html.erb
  Rendering users/new.html.erb within layouts/application
  Rendered users/new.html.erb within layouts/application (Duration: 0.9ms | Allocations: 163)
  Rendered layouts/_header.html.erb (Duration: 0.2ms | Allocations: 166)
  Rendered layouts/_footer.html.erb (Duration: 0.1ms | Allocations: 67)
  Rendered layout layouts/application.html.erb (Duration: 27.3ms | Allocations: 10111)
Completed 200 OK in 38ms (Views: 32.9ms | ActiveRecord: 0.0ms | Allocations: 11115)


Started GET "/signup" for ::1 at 2023-01-09 16:59:04 +0900
Processing by UsersController#new as HTML
  Rendering layout layouts/application.html.erb
  Rendering users/new.html.erb within layouts/application
  Rendered users/new.html.erb within layouts/application (Duration: 0.1ms | Allocations: 10)
  Rendered layouts/_header.html.erb (Duration: 0.4ms | Allocations: 128)
  Rendered layouts/_footer.html.erb (Duration: 0.1ms | Allocations: 62)
  Rendered layout layouts/application.html.erb (Duration: 29.2ms | Allocations: 9653)
Completed 200 OK in 32ms (Views: 30.4ms | ActiveRecord: 0.0ms | Allocations: 10000)


Started GET "/signup" for ::1 at 2023-01-09 16:59:05 +0900
Processing by UsersController#new as HTML
  Rendering layout layouts/application.html.erb
  Rendering users/new.html.erb within layouts/application
  Rendered users/new.html.erb within layouts/application (Duration: 0.1ms | Allocations: 10)
  Rendered layouts/_header.html.erb (Duration: 0.3ms | Allocations: 128)
  Rendered layouts/_footer.html.erb (Duration: 0.1ms | Allocations: 62)
  Rendered layout layouts/application.html.erb (Duration: 23.2ms | Allocations: 9634)
Completed 200 OK in 26ms (Views: 24.3ms | ActiveRecord: 0.0ms | Allocations: 9959)


